<?xml version="1.0" encoding="UTF-8"?>
<testng-results ignored="0" total="1" passed="1" failed="0" skipped="0">
  <reporter-output>
  </reporter-output>
  <suite started-at="2024-05-26T20:23:20 IST" name="Suite" finished-at="2024-05-26T20:23:41 IST" duration-ms="21140">
    <groups>
    </groups>
    <test started-at="2024-05-26T20:23:20 IST" name="Test" finished-at="2024-05-26T20:23:41 IST" duration-ms="21140">
      <class name="com.myProject.bookMyShow.LaunchBookMyShow">
        <test-method signature="launchApplication()[pri:0, instance:com.myProject.bookMyShow.LaunchBookMyShow@654f0d9c]" started-at="2024-05-26T20:23:20 IST" name="launchApplication" finished-at="2024-05-26T20:23:41 IST" duration-ms="21077" status="PASS">
          <reporter-output>
          </reporter-output>
        </test-method> <!-- launchApplication -->
      </class> <!-- com.myProject.bookMyShow.LaunchBookMyShow -->
    </test> <!-- Test -->
  </suite> <!-- Suite -->
</testng-results>
