<?xml version="1.0" encoding="UTF-8"?>
<testng-results ignored="0" total="1" passed="1" failed="0" skipped="0">
  <reporter-output>
  </reporter-output>
  <suite started-at="2024-05-26T20:22:24 IST" name="Suite" finished-at="2024-05-26T20:22:46 IST" duration-ms="21663">
    <groups>
    </groups>
    <test started-at="2024-05-26T20:22:24 IST" name="Test" finished-at="2024-05-26T20:22:46 IST" duration-ms="21663">
      <class name="com.myProject.bookMyShow.LaunchBookMyShow">
        <test-method signature="launchApplication()[pri:0, instance:com.myProject.bookMyShow.LaunchBookMyShow@6631f5ca]" started-at="2024-05-26T20:22:24 IST" name="launchApplication" finished-at="2024-05-26T20:22:46 IST" duration-ms="21608" status="PASS">
          <reporter-output>
          </reporter-output>
        </test-method> <!-- launchApplication -->
      </class> <!-- com.myProject.bookMyShow.LaunchBookMyShow -->
    </test> <!-- Test -->
  </suite> <!-- Suite -->
</testng-results>
